running develop
/usr/lib/python3/dist-packages/setuptools/command/easy_install.py:158: EasyInstallDeprecationWarning: easy_install command is deprecated. Use build and pip and other standards-based tools.
  warnings.warn(
running egg_info
creating parkncharge.egg-info
writing parkncharge.egg-info/PKG-INFO
writing dependency_links to parkncharge.egg-info/dependency_links.txt
writing entry points to parkncharge.egg-info/entry_points.txt
writing requirements to parkncharge.egg-info/requires.txt
writing top-level names to parkncharge.egg-info/top_level.txt
writing manifest file 'parkncharge.egg-info/SOURCES.txt'
reading manifest file 'parkncharge.egg-info/SOURCES.txt'
writing manifest file 'parkncharge.egg-info/SOURCES.txt'
running build_ext
Creating /home/krishnan/parkncharge/ros2_ws/install/parkncharge/lib/python3.10/site-packages/parkncharge.egg-link (link to .)

Installed /home/krishnan/parkncharge/ros2_ws/build/parkncharge
running symlink_data
creating /home/krishnan/parkncharge/ros2_ws/install/parkncharge/share/ament_index
creating /home/krishnan/parkncharge/ros2_ws/install/parkncharge/share/ament_index/resource_index
creating /home/krishnan/parkncharge/ros2_ws/install/parkncharge/share/ament_index/resource_index/packages
symbolically linking /home/krishnan/parkncharge/ros2_ws/build/parkncharge/resource/parkncharge -> /home/krishnan/parkncharge/ros2_ws/install/parkncharge/share/ament_index/resource_index/packages
symbolically linking /home/krishnan/parkncharge/ros2_ws/build/parkncharge/package.xml -> /home/krishnan/parkncharge/ros2_ws/install/parkncharge/share/parkncharge
